2021-06-30 20:07:24,241:INFO:Initializing load_model()
2021-06-30 20:07:24,241:INFO:load_model(model_name=deployment_v1, platform=None, authentication=None, verbose=True)
2021-06-30 20:08:00,565:INFO:Initializing load_model()
2021-06-30 20:08:00,565:INFO:load_model(model_name=deployment_v1, platform=None, authentication=None, verbose=True)
2021-06-30 20:08:50,883:INFO:Initializing load_model()
2021-06-30 20:08:50,883:INFO:load_model(model_name=deployment_v1.pkl, platform=None, authentication=None, verbose=True)
2021-06-30 20:08:54,350:INFO:Initializing load_model()
2021-06-30 20:08:54,350:INFO:load_model(model_name=deployment_v1.pkl, platform=None, authentication=None, verbose=True)
2021-06-30 20:09:04,837:INFO:Initializing load_model()
2021-06-30 20:09:04,838:INFO:load_model(model_name=deployment_v1, platform=None, authentication=None, verbose=True)
2021-06-30 20:10:05,542:INFO:Initializing load_model()
2021-06-30 20:10:05,543:INFO:load_model(model_name=deployment_v1, platform=None, authentication=None, verbose=True)
2021-06-30 20:10:20,039:INFO:Initializing load_model()
2021-06-30 20:10:20,039:INFO:load_model(model_name=deployment_v1, platform=None, authentication=None, verbose=True)
2021-06-30 20:11:28,335:INFO:Initializing load_model()
2021-06-30 20:11:28,335:INFO:load_model(model_name=deployment_v1, platform=None, authentication=None, verbose=True)
2021-06-30 20:11:35,990:INFO:Initializing load_model()
2021-06-30 20:11:35,990:INFO:load_model(model_name=deployment_v1, platform=None, authentication=None, verbose=True)
2021-06-30 20:12:15,180:INFO:Initializing load_model()
2021-06-30 20:12:15,180:INFO:load_model(model_name=deployment_v1, platform=None, authentication=None, verbose=True)
2021-06-30 20:15:15,168:INFO:Initializing load_model()
2021-06-30 20:15:15,168:INFO:load_model(model_name=deployment_v1, platform=None, authentication=None, verbose=True)
2021-06-30 20:17:28,047:INFO:Initializing load_model()
2021-06-30 20:17:28,047:INFO:load_model(model_name=deployment_v1, platform=None, authentication=None, verbose=True)
2021-06-30 20:20:51,544:INFO:Initializing load_model()
2021-06-30 20:20:51,544:INFO:load_model(model_name=deployment_v1, platform=None, authentication=None, verbose=True)
2021-06-30 20:21:20,951:INFO:Initializing load_model()
2021-06-30 20:21:20,951:INFO:load_model(model_name=deployment_v1, platform=None, authentication=None, verbose=True)
2021-06-30 20:23:44,076:INFO:Initializing load_model()
2021-06-30 20:23:44,076:INFO:load_model(model_name=deployment_v1, platform=None, authentication=None, verbose=True)
2021-06-30 20:32:43,024:INFO:Initializing load_model()
2021-06-30 20:32:43,024:INFO:load_model(model_name=deployment_v1, platform=None, authentication=None, verbose=True)
2021-06-30 20:39:00,176:INFO:Initializing load_model()
2021-06-30 20:39:00,176:INFO:load_model(model_name=deployment_v1, platform=None, authentication=None, verbose=True)
2021-06-30 20:40:44,279:INFO:Initializing load_model()
2021-06-30 20:40:44,279:INFO:load_model(model_name=deployment_v1, platform=None, authentication=None, verbose=True)
2021-06-30 20:48:50,313:INFO:Initializing load_model()
2021-06-30 20:48:50,314:INFO:load_model(model_name=deployment_v1, platform=None, authentication=None, verbose=True)
2021-06-30 20:49:15,055:INFO:Initializing load_model()
2021-06-30 20:49:15,055:INFO:load_model(model_name=deployment_v1, platform=None, authentication=None, verbose=True)
2021-06-30 20:50:54,722:INFO:Initializing load_model()
2021-06-30 20:50:54,722:INFO:load_model(model_name=deployment_v1, platform=None, authentication=None, verbose=True)
2021-06-30 20:51:27,566:INFO:Initializing load_model()
2021-06-30 20:51:27,566:INFO:load_model(model_name=deployment_v1, platform=None, authentication=None, verbose=True)
2021-06-30 20:53:21,873:INFO:Initializing load_model()
2021-06-30 20:53:21,873:INFO:load_model(model_name=deployment_v1, platform=None, authentication=None, verbose=True)
2021-06-30 20:54:37,695:INFO:Initializing load_model()
2021-06-30 20:54:37,695:INFO:load_model(model_name=deployment_v1, platform=None, authentication=None, verbose=True)
2021-06-30 20:59:32,451:INFO:Initializing predict_model()
2021-06-30 20:59:32,451:INFO:predict_model(estimator=Pipeline(steps=[('dtypes',
                 DataTypes_Auto_infer(ml_usecase='regression',
                                      target='charges')),
                ('imputer',
                 Simple_Imputer(categorical_strategy='not_available',
                                fill_value_categorical=None,
                                fill_value_numerical=None,
                                numeric_strategy='mean',
                                target_variable=None)),
                ('new_levels1',
                 New_Catagorical_Levels_in_TestData(replacement_strategy='least '
                                                                         'frequent',
                                                    target=...
                ('fix_perfect', Remove_100(target='charges')),
                ('clean_names', Clean_Colum_Names()),
                ('feature_select', 'passthrough'), ('fix_multi', 'passthrough'),
                ('dfs',
                 DFS_Classic(interactions=['multiply'], ml_usecase='regression',
                             n_jobs=-1, random_state=123, subclass='binary',
                             target='charges',
                             top_features_to_pick_percentage=None)),
                ('pca', 'passthrough'),
                ['trained_model', LinearRegression(n_jobs=-1)]]), probability_threshold=None, encoded_labels=True, raw_score=False, round=0, verbose=True, ml_usecase=MLUsecase.REGRESSION, display=None)
2021-06-30 20:59:32,452:INFO:Checking exceptions
2021-06-30 20:59:32,452:INFO:Preloading libraries
2021-06-30 21:00:07,918:INFO:Initializing predict_model()
2021-06-30 21:00:07,918:INFO:predict_model(estimator=Pipeline(steps=[('dtypes',
                 DataTypes_Auto_infer(ml_usecase='regression',
                                      target='charges')),
                ('imputer',
                 Simple_Imputer(categorical_strategy='not_available',
                                fill_value_categorical=None,
                                fill_value_numerical=None,
                                numeric_strategy='mean',
                                target_variable=None)),
                ('new_levels1',
                 New_Catagorical_Levels_in_TestData(replacement_strategy='least '
                                                                         'frequent',
                                                    target=...
                ('fix_perfect', Remove_100(target='charges')),
                ('clean_names', Clean_Colum_Names()),
                ('feature_select', 'passthrough'), ('fix_multi', 'passthrough'),
                ('dfs',
                 DFS_Classic(interactions=['multiply'], ml_usecase='regression',
                             n_jobs=-1, random_state=123, subclass='binary',
                             target='charges',
                             top_features_to_pick_percentage=None)),
                ('pca', 'passthrough'),
                ['trained_model', LinearRegression(n_jobs=-1)]]), probability_threshold=None, encoded_labels=True, raw_score=False, round=0, verbose=True, ml_usecase=MLUsecase.REGRESSION, display=None)
2021-06-30 21:00:07,918:INFO:Checking exceptions
2021-06-30 21:00:07,918:INFO:Preloading libraries
2021-06-30 21:00:13,729:INFO:Initializing load_model()
2021-06-30 21:00:13,729:INFO:load_model(model_name=deployment_v1, platform=None, authentication=None, verbose=True)
2021-06-30 21:00:16,582:INFO:Initializing predict_model()
2021-06-30 21:00:16,582:INFO:predict_model(estimator=Pipeline(steps=[('dtypes',
                 DataTypes_Auto_infer(ml_usecase='regression',
                                      target='charges')),
                ('imputer',
                 Simple_Imputer(categorical_strategy='not_available',
                                fill_value_categorical=None,
                                fill_value_numerical=None,
                                numeric_strategy='mean',
                                target_variable=None)),
                ('new_levels1',
                 New_Catagorical_Levels_in_TestData(replacement_strategy='least '
                                                                         'frequent',
                                                    target=...
                ('fix_perfect', Remove_100(target='charges')),
                ('clean_names', Clean_Colum_Names()),
                ('feature_select', 'passthrough'), ('fix_multi', 'passthrough'),
                ('dfs',
                 DFS_Classic(interactions=['multiply'], ml_usecase='regression',
                             n_jobs=-1, random_state=123, subclass='binary',
                             target='charges',
                             top_features_to_pick_percentage=None)),
                ('pca', 'passthrough'),
                ['trained_model', LinearRegression(n_jobs=-1)]]), probability_threshold=None, encoded_labels=True, raw_score=False, round=0, verbose=True, ml_usecase=MLUsecase.REGRESSION, display=None)
2021-06-30 21:00:16,582:INFO:Checking exceptions
2021-06-30 21:00:16,582:INFO:Preloading libraries
2021-06-30 21:00:25,726:INFO:Initializing predict_model()
2021-06-30 21:00:25,726:INFO:predict_model(estimator=Pipeline(steps=[('dtypes',
                 DataTypes_Auto_infer(ml_usecase='regression',
                                      target='charges')),
                ('imputer',
                 Simple_Imputer(categorical_strategy='not_available',
                                fill_value_categorical=None,
                                fill_value_numerical=None,
                                numeric_strategy='mean',
                                target_variable=None)),
                ('new_levels1',
                 New_Catagorical_Levels_in_TestData(replacement_strategy='least '
                                                                         'frequent',
                                                    target=...
                ('fix_perfect', Remove_100(target='charges')),
                ('clean_names', Clean_Colum_Names()),
                ('feature_select', 'passthrough'), ('fix_multi', 'passthrough'),
                ('dfs',
                 DFS_Classic(interactions=['multiply'], ml_usecase='regression',
                             n_jobs=-1, random_state=123, subclass='binary',
                             target='charges',
                             top_features_to_pick_percentage=None)),
                ('pca', 'passthrough'),
                ['trained_model', LinearRegression(n_jobs=-1)]]), probability_threshold=None, encoded_labels=True, raw_score=False, round=0, verbose=True, ml_usecase=MLUsecase.REGRESSION, display=None)
2021-06-30 21:00:25,726:INFO:Checking exceptions
2021-06-30 21:00:25,726:INFO:Preloading libraries
2021-06-30 21:03:12,603:INFO:Initializing load_model()
2021-06-30 21:03:12,603:INFO:load_model(model_name=deployment_v1, platform=None, authentication=None, verbose=True)
2021-06-30 21:03:21,650:INFO:Initializing predict_model()
2021-06-30 21:03:21,650:INFO:predict_model(estimator=Pipeline(steps=[('dtypes',
                 DataTypes_Auto_infer(ml_usecase='regression',
                                      target='charges')),
                ('imputer',
                 Simple_Imputer(categorical_strategy='not_available',
                                fill_value_categorical=None,
                                fill_value_numerical=None,
                                numeric_strategy='mean',
                                target_variable=None)),
                ('new_levels1',
                 New_Catagorical_Levels_in_TestData(replacement_strategy='least '
                                                                         'frequent',
                                                    target=...
                ('fix_perfect', Remove_100(target='charges')),
                ('clean_names', Clean_Colum_Names()),
                ('feature_select', 'passthrough'), ('fix_multi', 'passthrough'),
                ('dfs',
                 DFS_Classic(interactions=['multiply'], ml_usecase='regression',
                             n_jobs=-1, random_state=123, subclass='binary',
                             target='charges',
                             top_features_to_pick_percentage=None)),
                ('pca', 'passthrough'),
                ['trained_model', LinearRegression(n_jobs=-1)]]), probability_threshold=None, encoded_labels=True, raw_score=False, round=0, verbose=True, ml_usecase=MLUsecase.REGRESSION, display=None)
2021-06-30 21:03:21,650:INFO:Checking exceptions
2021-06-30 21:03:21,650:INFO:Preloading libraries
2021-06-30 21:06:00,525:INFO:Initializing predict_model()
2021-06-30 21:06:00,525:INFO:predict_model(estimator=Pipeline(steps=[('dtypes',
                 DataTypes_Auto_infer(ml_usecase='regression',
                                      target='charges')),
                ('imputer',
                 Simple_Imputer(categorical_strategy='not_available',
                                fill_value_categorical=None,
                                fill_value_numerical=None,
                                numeric_strategy='mean',
                                target_variable=None)),
                ('new_levels1',
                 New_Catagorical_Levels_in_TestData(replacement_strategy='least '
                                                                         'frequent',
                                                    target=...
                ('fix_perfect', Remove_100(target='charges')),
                ('clean_names', Clean_Colum_Names()),
                ('feature_select', 'passthrough'), ('fix_multi', 'passthrough'),
                ('dfs',
                 DFS_Classic(interactions=['multiply'], ml_usecase='regression',
                             n_jobs=-1, random_state=123, subclass='binary',
                             target='charges',
                             top_features_to_pick_percentage=None)),
                ('pca', 'passthrough'),
                ['trained_model', LinearRegression(n_jobs=-1)]]), probability_threshold=None, encoded_labels=True, raw_score=False, round=0, verbose=True, ml_usecase=MLUsecase.REGRESSION, display=None)
2021-06-30 21:06:00,525:INFO:Checking exceptions
2021-06-30 21:06:00,526:INFO:Preloading libraries
2021-06-30 21:10:32,396:INFO:Initializing predict_model()
2021-06-30 21:10:32,396:INFO:predict_model(estimator=Pipeline(steps=[('dtypes',
                 DataTypes_Auto_infer(ml_usecase='regression',
                                      target='charges')),
                ('imputer',
                 Simple_Imputer(categorical_strategy='not_available',
                                fill_value_categorical=None,
                                fill_value_numerical=None,
                                numeric_strategy='mean',
                                target_variable=None)),
                ('new_levels1',
                 New_Catagorical_Levels_in_TestData(replacement_strategy='least '
                                                                         'frequent',
                                                    target=...
                ('fix_perfect', Remove_100(target='charges')),
                ('clean_names', Clean_Colum_Names()),
                ('feature_select', 'passthrough'), ('fix_multi', 'passthrough'),
                ('dfs',
                 DFS_Classic(interactions=['multiply'], ml_usecase='regression',
                             n_jobs=-1, random_state=123, subclass='binary',
                             target='charges',
                             top_features_to_pick_percentage=None)),
                ('pca', 'passthrough'),
                ['trained_model', LinearRegression(n_jobs=-1)]]), probability_threshold=None, encoded_labels=True, raw_score=False, round=0, verbose=True, ml_usecase=MLUsecase.REGRESSION, display=None)
2021-06-30 21:10:32,396:INFO:Checking exceptions
2021-06-30 21:10:32,396:INFO:Preloading libraries
2021-06-30 21:12:17,223:INFO:Initializing predict_model()
2021-06-30 21:12:17,223:INFO:predict_model(estimator=Pipeline(steps=[('dtypes',
                 DataTypes_Auto_infer(ml_usecase='regression',
                                      target='charges')),
                ('imputer',
                 Simple_Imputer(categorical_strategy='not_available',
                                fill_value_categorical=None,
                                fill_value_numerical=None,
                                numeric_strategy='mean',
                                target_variable=None)),
                ('new_levels1',
                 New_Catagorical_Levels_in_TestData(replacement_strategy='least '
                                                                         'frequent',
                                                    target=...
                ('fix_perfect', Remove_100(target='charges')),
                ('clean_names', Clean_Colum_Names()),
                ('feature_select', 'passthrough'), ('fix_multi', 'passthrough'),
                ('dfs',
                 DFS_Classic(interactions=['multiply'], ml_usecase='regression',
                             n_jobs=-1, random_state=123, subclass='binary',
                             target='charges',
                             top_features_to_pick_percentage=None)),
                ('pca', 'passthrough'),
                ['trained_model', LinearRegression(n_jobs=-1)]]), probability_threshold=None, encoded_labels=True, raw_score=False, round=0, verbose=True, ml_usecase=MLUsecase.REGRESSION, display=None)
2021-06-30 21:12:17,223:INFO:Checking exceptions
2021-06-30 21:12:17,223:INFO:Preloading libraries
2021-07-01 10:37:54,605:INFO:Initializing load_model()
2021-07-01 10:37:54,606:INFO:load_model(model_name=deployment_v1, platform=None, authentication=None, verbose=True)
2021-07-01 10:42:06,305:INFO:Initializing load_model()
2021-07-01 10:42:06,305:INFO:load_model(model_name=deployment_v1, platform=None, authentication=None, verbose=True)
2021-07-01 10:43:55,843:INFO:Initializing load_model()
2021-07-01 10:43:55,843:INFO:load_model(model_name=deployment_v1, platform=None, authentication=None, verbose=True)
2021-07-01 10:45:51,913:INFO:Initializing load_model()
2021-07-01 10:45:51,913:INFO:load_model(model_name=deployment_v1, platform=None, authentication=None, verbose=True)
2021-07-01 10:48:20,018:INFO:Initializing load_model()
2021-07-01 10:48:20,019:INFO:load_model(model_name=deployment_v1, platform=None, authentication=None, verbose=True)
2021-07-01 11:03:36,161:INFO:Initializing load_model()
2021-07-01 11:03:36,161:INFO:load_model(model_name=deployment_v1, platform=None, authentication=None, verbose=True)
2021-07-01 11:04:59,928:INFO:Initializing load_model()
2021-07-01 11:04:59,928:INFO:load_model(model_name=deployment_v1, platform=None, authentication=None, verbose=True)
2021-07-01 11:09:39,218:INFO:Initializing load_model()
2021-07-01 11:09:39,218:INFO:load_model(model_name=deployment_v1, platform=None, authentication=None, verbose=True)
2021-07-01 11:09:52,754:INFO:Initializing predict_model()
2021-07-01 11:09:52,755:INFO:predict_model(estimator=Pipeline(steps=[('dtypes',
                 DataTypes_Auto_infer(ml_usecase='regression',
                                      target='charges')),
                ('imputer',
                 Simple_Imputer(categorical_strategy='not_available',
                                fill_value_categorical=None,
                                fill_value_numerical=None,
                                numeric_strategy='mean',
                                target_variable=None)),
                ('new_levels1',
                 New_Catagorical_Levels_in_TestData(replacement_strategy='least '
                                                                         'frequent',
                                                    target=...
                ('fix_perfect', Remove_100(target='charges')),
                ('clean_names', Clean_Colum_Names()),
                ('feature_select', 'passthrough'), ('fix_multi', 'passthrough'),
                ('dfs',
                 DFS_Classic(interactions=['multiply'], ml_usecase='regression',
                             n_jobs=-1, random_state=123, subclass='binary',
                             target='charges',
                             top_features_to_pick_percentage=None)),
                ('pca', 'passthrough'),
                ['trained_model', LinearRegression(n_jobs=-1)]]), probability_threshold=None, encoded_labels=True, raw_score=False, round=0, verbose=True, ml_usecase=MLUsecase.REGRESSION, display=None)
2021-07-01 11:09:52,755:INFO:Checking exceptions
2021-07-01 11:09:52,755:INFO:Preloading libraries
2021-07-01 11:11:07,639:INFO:Initializing predict_model()
2021-07-01 11:11:07,640:INFO:predict_model(estimator=Pipeline(steps=[('dtypes',
                 DataTypes_Auto_infer(ml_usecase='regression',
                                      target='charges')),
                ('imputer',
                 Simple_Imputer(categorical_strategy='not_available',
                                fill_value_categorical=None,
                                fill_value_numerical=None,
                                numeric_strategy='mean',
                                target_variable=None)),
                ('new_levels1',
                 New_Catagorical_Levels_in_TestData(replacement_strategy='least '
                                                                         'frequent',
                                                    target=...
                ('fix_perfect', Remove_100(target='charges')),
                ('clean_names', Clean_Colum_Names()),
                ('feature_select', 'passthrough'), ('fix_multi', 'passthrough'),
                ('dfs',
                 DFS_Classic(interactions=['multiply'], ml_usecase='regression',
                             n_jobs=-1, random_state=123, subclass='binary',
                             target='charges',
                             top_features_to_pick_percentage=None)),
                ('pca', 'passthrough'),
                ['trained_model', LinearRegression(n_jobs=-1)]]), probability_threshold=None, encoded_labels=True, raw_score=False, round=0, verbose=True, ml_usecase=MLUsecase.REGRESSION, display=None)
2021-07-01 11:11:07,640:INFO:Checking exceptions
2021-07-01 11:11:07,640:INFO:Preloading libraries
2021-07-01 11:13:14,507:INFO:Initializing load_model()
2021-07-01 11:13:14,507:INFO:load_model(model_name=deployment_v1, platform=None, authentication=None, verbose=True)
2021-07-01 11:15:44,522:INFO:Initializing load_model()
2021-07-01 11:15:44,522:INFO:load_model(model_name=deployment_v1, platform=None, authentication=None, verbose=True)
2021-07-01 11:19:40,861:INFO:Initializing load_model()
2021-07-01 11:19:40,861:INFO:load_model(model_name=deployment_v1, platform=None, authentication=None, verbose=True)
2021-07-01 11:22:59,189:INFO:Initializing load_model()
2021-07-01 11:22:59,189:INFO:load_model(model_name=deployment_v1, platform=None, authentication=None, verbose=True)
2021-07-01 11:24:42,482:INFO:Initializing load_model()
2021-07-01 11:24:42,483:INFO:load_model(model_name=deployment_v1, platform=None, authentication=None, verbose=True)
2021-07-01 11:25:16,538:INFO:Initializing load_model()
2021-07-01 11:25:16,538:INFO:load_model(model_name=deployment_v1, platform=None, authentication=None, verbose=True)
2021-07-01 11:27:19,687:INFO:Initializing load_model()
2021-07-01 11:27:19,687:INFO:load_model(model_name=deployment_v1, platform=None, authentication=None, verbose=True)
2021-07-01 11:28:57,565:INFO:Initializing load_model()
2021-07-01 11:28:57,566:INFO:load_model(model_name=deployment_v1, platform=None, authentication=None, verbose=True)
2021-07-01 11:29:27,471:INFO:Initializing load_model()
2021-07-01 11:29:27,472:INFO:load_model(model_name=deployment_v1, platform=None, authentication=None, verbose=True)
2021-07-01 11:29:43,965:INFO:Initializing load_model()
2021-07-01 11:29:43,965:INFO:load_model(model_name=deployment_v1, platform=None, authentication=None, verbose=True)
2021-07-01 11:32:37,764:INFO:Initializing load_model()
2021-07-01 11:32:37,764:INFO:load_model(model_name=deployment_v1, platform=None, authentication=None, verbose=True)
2021-07-01 11:34:07,747:INFO:Initializing load_model()
2021-07-01 11:34:07,747:INFO:load_model(model_name=deployment_v1, platform=None, authentication=None, verbose=True)
2021-07-01 11:34:38,645:INFO:Initializing load_model()
2021-07-01 11:34:38,645:INFO:load_model(model_name=deployment_v1, platform=None, authentication=None, verbose=True)
2021-07-01 11:35:33,542:INFO:Initializing load_model()
2021-07-01 11:35:33,542:INFO:load_model(model_name=deployment_v1, platform=None, authentication=None, verbose=True)
2021-07-01 11:36:37,285:INFO:Initializing load_model()
2021-07-01 11:36:37,285:INFO:load_model(model_name=deployment_v1, platform=None, authentication=None, verbose=True)
2021-07-01 11:43:15,552:INFO:Initializing load_model()
2021-07-01 11:43:15,552:INFO:load_model(model_name=deployment_v1, platform=None, authentication=None, verbose=True)
2021-07-01 11:44:41,751:INFO:Initializing load_model()
2021-07-01 11:44:41,751:INFO:load_model(model_name=deployment_v1, platform=None, authentication=None, verbose=True)
2021-07-01 11:45:20,475:INFO:Initializing predict_model()
2021-07-01 11:45:20,476:INFO:predict_model(estimator=Pipeline(steps=[('dtypes',
                 DataTypes_Auto_infer(ml_usecase='regression',
                                      target='charges')),
                ('imputer',
                 Simple_Imputer(categorical_strategy='not_available',
                                fill_value_categorical=None,
                                fill_value_numerical=None,
                                numeric_strategy='mean',
                                target_variable=None)),
                ('new_levels1',
                 New_Catagorical_Levels_in_TestData(replacement_strategy='least '
                                                                         'frequent',
                                                    target=...
                ('fix_perfect', Remove_100(target='charges')),
                ('clean_names', Clean_Colum_Names()),
                ('feature_select', 'passthrough'), ('fix_multi', 'passthrough'),
                ('dfs',
                 DFS_Classic(interactions=['multiply'], ml_usecase='regression',
                             n_jobs=-1, random_state=123, subclass='binary',
                             target='charges',
                             top_features_to_pick_percentage=None)),
                ('pca', 'passthrough'),
                ['trained_model', LinearRegression(n_jobs=-1)]]), probability_threshold=None, encoded_labels=True, raw_score=False, round=0, verbose=True, ml_usecase=MLUsecase.REGRESSION, display=None)
2021-07-01 11:45:20,476:INFO:Checking exceptions
2021-07-01 11:45:20,476:INFO:Preloading libraries
2021-07-01 11:47:32,353:INFO:Initializing predict_model()
2021-07-01 11:47:32,353:INFO:predict_model(estimator=Pipeline(steps=[('dtypes',
                 DataTypes_Auto_infer(ml_usecase='regression',
                                      target='charges')),
                ('imputer',
                 Simple_Imputer(categorical_strategy='not_available',
                                fill_value_categorical=None,
                                fill_value_numerical=None,
                                numeric_strategy='mean',
                                target_variable=None)),
                ('new_levels1',
                 New_Catagorical_Levels_in_TestData(replacement_strategy='least '
                                                                         'frequent',
                                                    target=...
                ('fix_perfect', Remove_100(target='charges')),
                ('clean_names', Clean_Colum_Names()),
                ('feature_select', 'passthrough'), ('fix_multi', 'passthrough'),
                ('dfs',
                 DFS_Classic(interactions=['multiply'], ml_usecase='regression',
                             n_jobs=-1, random_state=123, subclass='binary',
                             target='charges',
                             top_features_to_pick_percentage=None)),
                ('pca', 'passthrough'),
                ['trained_model', LinearRegression(n_jobs=-1)]]), probability_threshold=None, encoded_labels=True, raw_score=False, round=0, verbose=True, ml_usecase=MLUsecase.REGRESSION, display=None)
2021-07-01 11:47:32,353:INFO:Checking exceptions
2021-07-01 11:47:32,353:INFO:Preloading libraries
2021-07-01 11:49:39,865:INFO:Initializing load_model()
2021-07-01 11:49:39,865:INFO:load_model(model_name=deployment_v1, platform=None, authentication=None, verbose=True)
2021-07-01 11:49:42,344:INFO:Initializing predict_model()
2021-07-01 11:49:42,345:INFO:predict_model(estimator=Pipeline(steps=[('dtypes',
                 DataTypes_Auto_infer(ml_usecase='regression',
                                      target='charges')),
                ('imputer',
                 Simple_Imputer(categorical_strategy='not_available',
                                fill_value_categorical=None,
                                fill_value_numerical=None,
                                numeric_strategy='mean',
                                target_variable=None)),
                ('new_levels1',
                 New_Catagorical_Levels_in_TestData(replacement_strategy='least '
                                                                         'frequent',
                                                    target=...
                ('fix_perfect', Remove_100(target='charges')),
                ('clean_names', Clean_Colum_Names()),
                ('feature_select', 'passthrough'), ('fix_multi', 'passthrough'),
                ('dfs',
                 DFS_Classic(interactions=['multiply'], ml_usecase='regression',
                             n_jobs=-1, random_state=123, subclass='binary',
                             target='charges',
                             top_features_to_pick_percentage=None)),
                ('pca', 'passthrough'),
                ['trained_model', LinearRegression(n_jobs=-1)]]), probability_threshold=None, encoded_labels=True, raw_score=False, round=0, verbose=True, ml_usecase=MLUsecase.REGRESSION, display=None)
2021-07-01 11:49:42,345:INFO:Checking exceptions
2021-07-01 11:49:42,345:INFO:Preloading libraries
2021-07-01 11:51:37,726:INFO:Initializing load_model()
2021-07-01 11:51:37,726:INFO:load_model(model_name=deployment_v1, platform=None, authentication=None, verbose=True)
2021-07-01 11:52:02,626:INFO:Initializing load_model()
2021-07-01 11:52:02,626:INFO:load_model(model_name=deployment_v1, platform=None, authentication=None, verbose=True)
2021-07-01 11:56:00,820:INFO:Initializing load_model()
2021-07-01 11:56:00,820:INFO:load_model(model_name=deployment_v1, platform=None, authentication=None, verbose=True)
2021-07-01 11:56:18,083:INFO:Initializing load_model()
2021-07-01 11:56:18,083:INFO:load_model(model_name=deployment_v1, platform=None, authentication=None, verbose=True)
2021-07-01 11:56:28,250:INFO:Initializing load_model()
2021-07-01 11:56:28,250:INFO:load_model(model_name=deployment_v1, platform=None, authentication=None, verbose=True)
2021-07-01 11:56:34,278:INFO:Initializing load_model()
2021-07-01 11:56:34,278:INFO:load_model(model_name=deployment_v1, platform=None, authentication=None, verbose=True)
2021-07-01 11:57:37,189:INFO:Initializing load_model()
2021-07-01 11:57:37,189:INFO:load_model(model_name=deployment_v1, platform=None, authentication=None, verbose=True)
2021-07-01 11:59:21,650:INFO:Initializing load_model()
2021-07-01 11:59:21,650:INFO:load_model(model_name=deployment_v1, platform=None, authentication=None, verbose=True)
2021-07-01 12:00:20,526:INFO:Initializing load_model()
2021-07-01 12:00:20,526:INFO:load_model(model_name=deployment_v1, platform=None, authentication=None, verbose=True)
2021-07-01 12:06:37,841:INFO:Initializing load_model()
2021-07-01 12:06:37,841:INFO:load_model(model_name=deployment_v1, platform=None, authentication=None, verbose=True)
2021-07-01 12:10:20,297:INFO:Initializing load_model()
2021-07-01 12:10:20,297:INFO:load_model(model_name=deployment_v1, platform=None, authentication=None, verbose=True)
2021-07-01 12:11:49,888:INFO:Initializing load_model()
2021-07-01 12:11:49,888:INFO:load_model(model_name=deployment_v1, platform=None, authentication=None, verbose=True)
2021-07-01 12:12:51,043:INFO:Initializing load_model()
2021-07-01 12:12:51,043:INFO:load_model(model_name=deployment_v1, platform=None, authentication=None, verbose=True)
2021-07-01 12:18:34,536:INFO:Initializing load_model()
2021-07-01 12:18:34,536:INFO:load_model(model_name=deployment_v1, platform=None, authentication=None, verbose=True)
2021-07-01 12:20:43,430:INFO:Initializing load_model()
2021-07-01 12:20:43,430:INFO:load_model(model_name=deployment_v1, platform=None, authentication=None, verbose=True)
2021-07-01 12:24:23,106:INFO:Initializing load_model()
2021-07-01 12:24:23,106:INFO:load_model(model_name=deployment_v1, platform=None, authentication=None, verbose=True)
2021-07-01 12:27:49,068:INFO:Initializing load_model()
2021-07-01 12:27:49,068:INFO:load_model(model_name=deployment_v1, platform=None, authentication=None, verbose=True)
2021-07-01 12:30:49,295:INFO:Initializing load_model()
2021-07-01 12:30:49,295:INFO:load_model(model_name=deployment_v1, platform=None, authentication=None, verbose=True)
2021-07-01 12:31:44,006:INFO:Initializing load_model()
2021-07-01 12:31:44,006:INFO:load_model(model_name=deployment_v1, platform=None, authentication=None, verbose=True)
2021-07-01 12:32:47,374:INFO:Initializing load_model()
2021-07-01 12:32:47,374:INFO:load_model(model_name=deployment_v1, platform=None, authentication=None, verbose=True)
2021-07-01 12:35:18,852:INFO:Initializing load_model()
2021-07-01 12:35:18,852:INFO:load_model(model_name=deployment_v1, platform=None, authentication=None, verbose=True)
2021-07-01 12:36:08,863:INFO:Initializing load_model()
2021-07-01 12:36:08,863:INFO:load_model(model_name=deployment_v1, platform=None, authentication=None, verbose=True)
2021-07-01 12:36:44,522:INFO:Initializing load_model()
2021-07-01 12:36:44,522:INFO:load_model(model_name=deployment_v1, platform=None, authentication=None, verbose=True)
2021-07-01 12:37:12,666:INFO:Initializing load_model()
2021-07-01 12:37:12,666:INFO:load_model(model_name=deployment_v1, platform=None, authentication=None, verbose=True)
2021-07-01 12:38:05,690:INFO:Initializing load_model()
2021-07-01 12:38:05,690:INFO:load_model(model_name=deployment_v1, platform=None, authentication=None, verbose=True)
2021-07-01 12:38:47,388:INFO:Initializing load_model()
2021-07-01 12:38:47,388:INFO:load_model(model_name=deployment_v1, platform=None, authentication=None, verbose=True)
2021-07-01 12:39:44,519:INFO:Initializing load_model()
2021-07-01 12:39:44,520:INFO:load_model(model_name=deployment_v1, platform=None, authentication=None, verbose=True)
2021-07-01 12:40:06,474:INFO:Initializing load_model()
2021-07-01 12:40:06,474:INFO:load_model(model_name=deployment_v1, platform=None, authentication=None, verbose=True)
2021-07-01 12:41:22,108:INFO:Initializing load_model()
2021-07-01 12:41:22,108:INFO:load_model(model_name=deployment_v1, platform=None, authentication=None, verbose=True)
2021-07-01 12:45:14,657:INFO:Initializing load_model()
2021-07-01 12:45:14,657:INFO:load_model(model_name=deployment_v1, platform=None, authentication=None, verbose=True)
2021-07-01 12:46:40,024:INFO:Initializing load_model()
2021-07-01 12:46:40,024:INFO:load_model(model_name=deployment_v1, platform=None, authentication=None, verbose=True)
2021-07-01 12:47:17,147:INFO:Initializing load_model()
2021-07-01 12:47:17,147:INFO:load_model(model_name=deployment_v1, platform=None, authentication=None, verbose=True)
2021-07-01 12:47:35,446:INFO:Initializing load_model()
2021-07-01 12:47:35,447:INFO:load_model(model_name=deployment_v1, platform=None, authentication=None, verbose=True)
2021-07-01 12:48:07,126:INFO:Initializing load_model()
2021-07-01 12:48:07,126:INFO:load_model(model_name=deployment_v1, platform=None, authentication=None, verbose=True)
2021-07-01 12:48:36,331:INFO:Initializing load_model()
2021-07-01 12:48:36,331:INFO:load_model(model_name=deployment_v1, platform=None, authentication=None, verbose=True)
2021-07-01 12:50:22,961:INFO:Initializing load_model()
2021-07-01 12:50:22,961:INFO:load_model(model_name=deployment_v1, platform=None, authentication=None, verbose=True)
2021-07-01 12:52:18,528:INFO:Initializing load_model()
2021-07-01 12:52:18,528:INFO:load_model(model_name=deployment_v1, platform=None, authentication=None, verbose=True)
2021-07-01 13:03:38,506:INFO:Initializing load_model()
2021-07-01 13:03:38,506:INFO:load_model(model_name=deployment_v1, platform=None, authentication=None, verbose=True)
2021-07-01 13:04:23,292:INFO:Initializing load_model()
2021-07-01 13:04:23,292:INFO:load_model(model_name=deployment_v1, platform=None, authentication=None, verbose=True)
2021-07-01 19:02:51,820:INFO:Initializing load_model()
2021-07-01 19:02:51,820:INFO:load_model(model_name=deployment_v1, platform=None, authentication=None, verbose=True)
2021-07-01 19:03:14,043:INFO:Initializing load_model()
2021-07-01 19:03:14,043:INFO:load_model(model_name=../trained_models/deployment_v1, platform=None, authentication=None, verbose=True)
2021-07-01 19:03:28,804:INFO:Initializing load_model()
2021-07-01 19:03:28,804:INFO:load_model(model_name=trained_models/deployment_v1, platform=None, authentication=None, verbose=True)
2021-07-01 19:06:38,524:INFO:Initializing load_model()
2021-07-01 19:06:38,524:INFO:load_model(model_name=trained_models/deployment_v1, platform=None, authentication=None, verbose=True)
2021-07-01 19:06:52,821:INFO:Initializing predict_model()
2021-07-01 19:06:52,821:INFO:predict_model(estimator=Pipeline(steps=[('dtypes',
                 DataTypes_Auto_infer(ml_usecase='regression',
                                      target='charges')),
                ('imputer',
                 Simple_Imputer(categorical_strategy='not_available',
                                fill_value_categorical=None,
                                fill_value_numerical=None,
                                numeric_strategy='mean',
                                target_variable=None)),
                ('new_levels1',
                 New_Catagorical_Levels_in_TestData(replacement_strategy='least '
                                                                         'frequent',
                                                    target=...
                ('fix_perfect', Remove_100(target='charges')),
                ('clean_names', Clean_Colum_Names()),
                ('feature_select', 'passthrough'), ('fix_multi', 'passthrough'),
                ('dfs',
                 DFS_Classic(interactions=['multiply'], ml_usecase='regression',
                             n_jobs=-1, random_state=123, subclass='binary',
                             target='charges',
                             top_features_to_pick_percentage=None)),
                ('pca', 'passthrough'),
                ['trained_model', LinearRegression(n_jobs=-1)]]), probability_threshold=None, encoded_labels=True, raw_score=False, round=0, verbose=True, ml_usecase=MLUsecase.REGRESSION, display=None)
2021-07-01 19:06:52,821:INFO:Checking exceptions
2021-07-01 19:06:52,821:INFO:Preloading libraries
